Build started 1/14/2016 2:30:31 PM.
     1>Project "F:\Programming\UVA-Practice\UVa-11727\UVa-11727.vcxproj" on node 2 (Build target(s)).
     1>ClCompile:
         C:\LLVM\x86\msbuild-bin\CL.exe /c /ZI /nologo /W3 /WX- /Od /Oy- /D WIN32 /D _DEBUG /D _CONSOLE /D _UNICODE /D UNICODE /Gm /EHsc /RTC1 /MDd /GS /fp:precise /Zc:wchar_t /Zc:forScope /Zc:inline /Fo"Debug\\" /Fd"Debug\vc140.pdb" /Gd /TP /analyze- /errorReport:prompt -m32 -fmsc-version=1900 UVa11727.cpp
     1>clang-cl.exe : warning : argument unused during compilation: '/ZI'
     1>clang-cl.exe : warning : argument unused during compilation: '/Gm'
     1>clang-cl.exe : warning : argument unused during compilation: '/GS'
     1>UVa11727.cpp(10,5): warning : 'freopen' is deprecated: This function or variable may be unsafe. Consider using freopen_s instead. To disable deprecation, use _CRT_SECURE_NO_WARNINGS. See online help for details. [-Wdeprecated-declarations]
             freopen("F:\\Programming\\UVA-Practice\\UVa-11727\\input.txt", "r", stdin);
             ^
         C:\Program Files (x86)\Windows Kits\10\Include\10.0.10150.0\ucrt\stdio.h(240,24) :  note: 'freopen' has been explicitly marked deprecated here
         _ACRTIMP FILE* __cdecl freopen(
                                ^
         1 warning generated.
       Link:
         C:\Program Files (x86)\Microsoft Visual Studio 14.0\VC\bin\link.exe /ERRORREPORT:PROMPT /OUT:"F:\Programming\UVA-Practice\Debug\UVa-11727.exe" /INCREMENTAL /NOLOGO kernel32.lib user32.lib gdi32.lib winspool.lib comdlg32.lib advapi32.lib shell32.lib ole32.lib oleaut32.lib uuid.lib odbc32.lib odbccp32.lib /MANIFEST /MANIFESTUAC:"level='asInvoker' uiAccess='false'" /manifest:embed /Debug /PDB:"F:\Programming\UVA-Practice\Debug\UVa-11727.pdb" /SUBSYSTEM:CONSOLE /TLBID:1 /DYNAMICBASE /NXCOMPAT /IMPLIB:"F:\Programming\UVA-Practice\Debug\UVa-11727.lib" /MACHINE:X86 Debug\UVa11727.obj
         UVa-11727.vcxproj -> F:\Programming\UVA-Practice\Debug\UVa-11727.exe
     1>Done Building Project "F:\Programming\UVA-Practice\UVa-11727\UVa-11727.vcxproj" (Build target(s)).

Build succeeded.

Time Elapsed 00:00:01.98
